Абрамов,Абрам,Абрамич
Августов,Август,Августич
Августинов,Августин,Августинич
Авдейов,Авдей,Авдейич
Авениров,Авенир,Авенирич
Аверкийов,Аверкий,Аверкийич
Авксентийов,Авксентий,Авксентийич
Авраамов,Авраам,Авраамич
Авроров,Аврор,Аврорич
Автономов,Автоном,Автономич
Агапов,Агап,Агапич
Агафонов,Агафон,Агафонич
Аггейов,Аггей,Аггейич
Агейов,Агей,Агейич
Адамов,Адам,Адамич
Адольфов,Адольф,Адольфич
Адонисов,Адонис,Адонисич
Адрианов,Адриан,Адрианич
Азарийов,Азарий,Азарийич
Акимов,Аким,Акимич
Аланов,Алан,Аланич
Алевтинов,Алевтин,Алевтинич
Александров,Александр,Александрич
Алексейов,Алексей,Алексейич
Альбертов,Альберт,Альбертич
Альбинов,Альбин,Альбинич
Альфредов,Альфред,Альфредич
Амадейов,Амадей,Амадейич
Амвросийов,Амвросий,Амвросийич
Ананийов,Ананий,Ананийич
Анастасийов,Анастасий,Анастасийич
Анатолийов,Анатолий,Анатолийич
Андрейов,Андрей,Андрейич
Андрианов,Андриан,Андрианич
Андронов,Андрон,Андронич
Андроников,Андроник,Андроникич
Аникейов,Аникей,Аникейич
Анисов,Анис,Анисич
Антипов,Антип,Антипич
Антонов,Антон,Антонич
Антонинов,Антонин,Антонинич
Антуанов,Антуан,Антуанич
Аполлинарийов,Аполлинарий,Аполлинарийич
Аполлонов,Аполлон,Аполлонич
Арефийов,Арефий,Арефийич
Аргентов,Аргент,Аргентич
Аристархов,Аристарх,Аристархич
Аркадийов,Аркадий,Аркадийич
Арнольдов,Арнольд,Арнольдич
Арсенов,Арсен,Арсенич
Артёмов,Артём,Артёмич
Артуров,Артур,Артурич
Архипов,Архип,Архипич
Афанасийов,Афанасий,Афанасийич
Ашотов,Ашот,Ашотич
